\BOOKMARK [0][-]{chapter.1}{\376\377\226\306\124\010\116\016\136\070\165\050\220\073\217\221\165\050\213\355}{}% 1
\BOOKMARK [1][-]{section.1.1}{\376\377\226\306\124\010\166\204\151\202\137\365}{chapter.1}% 2
\BOOKMARK [2][-]{subsection.1.1.1}{\376\377\226\306\124\010\166\204\133\232\116\111}{section.1.1}% 3
\BOOKMARK [2][-]{subsection.1.1.2}{\376\377\226\306\124\010\166\204\140\047\215\050}{section.1.1}% 4
\BOOKMARK [2][-]{subsection.1.1.3}{\376\377\226\306\124\010\166\204\210\150\171\072}{section.1.1}% 5
\BOOKMARK [1][-]{section.1.2}{\376\377\226\306\124\010\225\364\166\204\121\163\174\373}{chapter.1}% 6
\BOOKMARK [2][-]{subsection.1.2.1}{\376\377\166\370\173\111\121\163\174\373}{section.1.2}% 7
\BOOKMARK [2][-]{subsection.1.2.2}{\376\377\133\120\226\306\116\016\123\005\124\053\121\163\174\373}{section.1.2}% 8
\BOOKMARK [2][-]{subsection.1.2.3}{\376\377\167\037\133\120\226\306\116\016\167\037\123\005\124\053\121\163\174\373}{section.1.2}% 9
\BOOKMARK [1][-]{section.1.3}{\376\377\226\306\124\010\166\204\217\320\173\227}{chapter.1}% 10
\BOOKMARK [2][-]{subsection.1.3.1}{\376\377\136\166\226\306}{section.1.3}% 11
\BOOKMARK [2][-]{subsection.1.3.2}{\376\377\116\244\226\306}{section.1.3}% 12
\BOOKMARK [2][-]{subsection.1.3.3}{\376\377\210\145\226\306}{section.1.3}% 13
\BOOKMARK [2][-]{subsection.1.3.4}{\376\377\226\306\124\010\166\204\121\103\175\040\116\052\145\160}{section.1.3}% 14
\BOOKMARK [1][-]{section.1.4}{\376\377\121\105\122\006\147\141\116\366\116\016\137\305\211\201\147\141\116\366}{chapter.1}% 15
\BOOKMARK [2][-]{subsection.1.4.1}{\376\377\121\105\122\006\147\141\116\366\116\016\137\305\211\201\147\141\116\366}{section.1.4}% 16
\BOOKMARK [2][-]{subsection.1.4.2}{\376\377\121\105\211\201\147\141\116\366}{section.1.4}% 17
\BOOKMARK [1][-]{section.1.5}{\376\377\121\150\171\360\221\317\213\315\116\016\133\130\127\050\221\317\213\315}{chapter.1}% 18
\BOOKMARK [2][-]{subsection.1.5.1}{\376\377\121\150\171\360\221\317\213\315\116\016\133\130\127\050\221\317\213\315}{section.1.5}% 19
\BOOKMARK [2][-]{subsection.1.5.2}{\376\377\121\150\171\360\221\317\213\315\124\175\230\230\124\214\133\130\127\050\221\317\213\315\124\175\230\230\166\204\124\046\133\232}{section.1.5}% 20
\BOOKMARK [0][-]{chapter.2}{\376\377\131\015\145\160}{}% 21
\BOOKMARK [1][-]{section.2.1}{\376\377\131\015\145\160\166\204\151\202\137\365}{chapter.2}% 22
\BOOKMARK [2][-]{subsection.2.1.1}{\376\377\145\160\174\373\166\204\142\151\121\105\124\214\131\015\145\160\166\204\151\202\137\365}{section.2.1}% 23
\BOOKMARK [2][-]{subsection.2.1.2}{\376\377\131\015\145\160\166\204\121\340\117\125\141\017\116\111}{section.2.1}% 24
\BOOKMARK [1][-]{section.2.2}{\376\377\131\015\145\160\166\204\126\333\122\031\217\320\173\227}{chapter.2}% 25
\BOOKMARK [2][-]{subsection.2.2.1}{\376\377\131\015\145\160\166\204\122\240\121\317\217\320\173\227\123\312\121\166\121\340\117\125\141\017\116\111}{section.2.2}% 26
\BOOKMARK [2][-]{subsection.2.2.2}{\376\377\131\015\145\160\166\204\116\130\226\144\217\320\173\227}{section.2.2}% 27
\BOOKMARK [2][-]{subsection.2.2.3}{\376\377\131\015\145\160\126\333\122\031\217\320\173\227\166\204\136\070\165\050\176\323\213\272}{section.2.2}% 28
\BOOKMARK [1][-]{section.2.3}{\376\377\116\000\121\103\116\214\153\041\145\271\172\013\166\204\131\015\145\160\211\343\124\214\116\343\145\160\127\372\147\054\133\232\164\006}{chapter.2}% 29
\BOOKMARK [2][-]{subsection.2.3.1}{\376\377\133\236\174\373\145\160\116\000\121\103\116\214\153\041\145\271\172\013\127\050\131\015\145\160\203\003\126\364\121\205\166\204\211\343\226\306}{section.2.3}% 30
\BOOKMARK [2][-]{subsection.2.3.2}{\376\377\116\343\145\160\127\372\147\054\133\232\164\006}{section.2.3}% 31
\BOOKMARK [2][-]{subsection.2.3.3}{\376\377\116\000\121\103\131\032\230\171\137\017\145\271\172\013\150\071\116\016\174\373\145\160\166\204\121\163\174\373}{section.2.3}% 32
\BOOKMARK [1][-]{section.2.4}{\376\377\131\015\145\160\166\204\116\011\211\322\210\150\171\072}{chapter.2}% 33
\BOOKMARK [2][-]{subsection.2.4.1}{\376\377\131\015\145\160\166\204\116\011\211\322\210\150\171\072\137\017}{section.2.4}% 34
\BOOKMARK [2][-]{subsection.2.4.2}{\376\377\131\015\145\160\116\130\226\144\217\320\173\227\166\204\116\011\211\322\210\150\171\072\123\312\121\166\121\340\117\125\141\017\116\111}{section.2.4}% 35
\BOOKMARK [2][-]{subsection.2.4.3}{\376\377\123\125\117\115\150\071}{section.2.4}% 36
\BOOKMARK [0][-]{chapter.3}{\376\377\121\375\145\160\116\016\116\015\173\111\137\017}{}% 37
\BOOKMARK [1][-]{section.3.1}{\376\377\121\375\145\160\166\204\151\202\137\365\123\312\121\166\210\150\171\072}{chapter.3}% 38
\BOOKMARK [2][-]{subsection.3.1.1}{\376\377\121\375\145\160\166\204\151\202\137\365}{section.3.1}% 39
\BOOKMARK [2][-]{subsection.3.1.2}{\376\377\123\072\225\364}{section.3.1}% 40
\BOOKMARK [2][-]{subsection.3.1.3}{\376\377\121\375\145\160\166\204\210\150\171\072}{section.3.1}% 41
\BOOKMARK [1][-]{section.3.2}{\376\377\121\375\145\160\166\204\127\372\147\054\140\047\215\050}{chapter.3}% 42
\BOOKMARK [2][-]{subsection.3.2.1}{\376\377\121\375\145\160\166\204\123\125\214\003\140\047\116\016\147\000\120\074}{section.3.2}% 43
\BOOKMARK [2][-]{subsection.3.2.2}{\376\377\131\107\120\166\140\047\116\016\126\376\214\141\133\371\171\360}{section.3.2}% 44
\BOOKMARK [1][-]{section.3.3}{\376\377\136\102\121\375\145\160\060\001\122\006\153\265\121\375\145\160\116\016\176\335\133\371\120\074\121\375\145\160}{chapter.3}% 45
\BOOKMARK [2][-]{subsection.3.3.1}{\376\377\136\102\121\375\145\160}{section.3.3}% 46
\BOOKMARK [2][-]{subsection.3.3.2}{\376\377\122\006\153\265\121\375\145\160}{section.3.3}% 47
\BOOKMARK [2][-]{subsection.3.3.3}{\376\377\176\335\133\371\120\074\121\375\145\160\123\312\121\166\210\115\165\037}{section.3.3}% 48
\BOOKMARK [1][-]{section.3.4}{\376\377\143\007\145\160\121\375\145\160\116\016\133\371\145\160\121\375\145\160}{chapter.3}% 49
\BOOKMARK [2][-]{subsection.3.4.1}{\376\377\143\007\145\160}{section.3.4}% 50
\BOOKMARK [2][-]{subsection.3.4.2}{\376\377\143\007\145\160\121\375\145\160}{section.3.4}% 51
\BOOKMARK [2][-]{subsection.3.4.3}{\376\377\133\371\145\160}{section.3.4}% 52
\BOOKMARK [2][-]{subsection.3.4.4}{\376\377\133\371\145\160\121\375\145\160}{section.3.4}% 53
\BOOKMARK [1][-]{section.3.5}{\376\377\123\315\121\375\145\160\116\016\116\015\124\014\121\375\145\160\130\236\225\177\135\356\137\002}{chapter.3}% 54
\BOOKMARK [2][-]{subsection.3.5.1}{\376\377\123\315\121\375\145\160\166\204\133\232\116\111}{section.3.5}% 55
\BOOKMARK [2][-]{subsection.3.5.2}{\376\377\123\315\121\375\145\160\166\204\140\047\215\050}{section.3.5}% 56
\BOOKMARK [2][-]{subsection.3.5.3}{\376\377\116\015\124\014\121\375\145\160\130\236\225\177\166\204\135\356\137\002}{section.3.5}% 57
\BOOKMARK [1][-]{section.3.6}{\376\377\173\111\137\017\116\016\116\015\173\111\137\017}{chapter.3}% 58
\BOOKMARK [2][-]{subsection.3.6.1}{\376\377\173\111\137\017\116\016\145\271\172\013\377\010\176\304\377\011\166\204\211\343\226\306}{section.3.6}% 59
\BOOKMARK [2][-]{subsection.3.6.2}{\376\377\116\015\173\111\137\017}{section.3.6}% 60
\BOOKMARK [1][-]{section.3.7}{\376\377\121\375\145\160\060\001\145\271\172\013\060\001\116\015\173\111\137\017\116\113\225\364\166\204\121\163\174\373}{chapter.3}% 61
\BOOKMARK [1][-]{section.3.8}{\376\377\121\375\145\160\166\204\136\224\165\050}{chapter.3}% 62
\BOOKMARK [2][-]{subsection.3.8.1}{\376\377\133\371\145\160\121\375\145\160\377\032\116\026\165\114\146\057\133\371\145\160\166\204}{section.3.8}% 63
\BOOKMARK [2][-]{subsection.3.8.2}{\376\377\143\007\145\160\121\375\145\160\377\032\146\376\040\034\121\340\117\125\040\035\145\366}{section.3.8}% 64
\BOOKMARK [2][-]{subsection.3.8.3}{\376\377\136\102\121\375\145\160\377\032\211\304\152\041\145\110\136\224}{section.3.8}% 65
\BOOKMARK [2][-]{subsection.3.8.4}{\376\377\116\011\211\322\121\375\145\160\377\032\154\342\122\250\166\204\214\020\137\213}{section.3.8}% 66
\BOOKMARK [2][-]{subsection.3.8.5}{\376\377\116\214\153\041\121\375\145\160\377\032\133\207\133\231\116\113\040\034\0002\040\035}{section.3.8}% 67
\BOOKMARK [2][-]{subsection.3.8.6}{\376\377\121\215\167\013\121\375\145\160\377\032\155\367\154\214\116\055\166\204\170\156\133\232}{section.3.8}% 68
\BOOKMARK [0][-]{chapter.4}{\376\377\133\374\145\160}{}% 69
\BOOKMARK [0][-]{chapter.5}{\376\377\136\163\227\142\124\021\221\317\060\001\211\343\116\011\211\322\137\142}{}% 70
\BOOKMARK [0][-]{chapter.6}{\376\377\172\313\117\123\121\340\117\125}{}% 71
\BOOKMARK [0][-]{chapter.7}{\376\377\211\343\147\220\121\340\117\125}{}% 72
\BOOKMARK [0][-]{chapter.8}{\376\377\143\222\122\027\176\304\124\010}{}% 73
\BOOKMARK [0][-]{chapter.9}{\376\377\145\160\122\027}{}% 74
\BOOKMARK [0][-]{chapter.10}{\376\377\176\337\213\241\116\016\151\202\163\207}{}% 75
\BOOKMARK [0][-]{appendix.A}{\376\377\000B\162\110\116\055\166\204\226\005\213\373\147\120\145\231}{}% 76
\BOOKMARK [1][-]{section.A.1}{\376\377\122\051\165\050\131\015\145\160\116\247\165\037\122\006\137\142\126\376\377\010\131\015\123\330\121\375\145\160\377\011}{appendix.A}% 77
\BOOKMARK [1][-]{section.A.2}{\376\377\126\333\121\103\145\160\173\200\116\313}{appendix.A}% 78
\BOOKMARK [1][-]{section.A.3}{\376\377\175\040\145\160\116\052\145\160\116\016\133\371\145\160}{appendix.A}% 79
\BOOKMARK [0][-]{appendix*.79}{\376\377\133\232\164\006\175\042\137\025}{}% 80
\BOOKMARK [0][-]{section*.80}{\376\377\124\015\213\315\175\042\137\025}{}% 81
